<?xml version="1.0" encoding="UTF-8"?>
<!-- Generated by org.testng.reporters.JUnitReportReporter -->
<testsuite hostname="DESKTOP-5Q6M2D1" failures="0" tests="1" name="excel16thjune.Facebook" time="2.775" errors="0" timestamp="2023-06-16T12:50:37 IST" skipped="0">
  <testcase classname="excel16thjune.Facebook" name="login" time="2.775"/>
</testsuite> <!-- excel16thjune.Facebook -->
