<?xml version="1.0" encoding="UTF-8"?>
<!-- Generated by org.testng.reporters.JUnitReportReporter -->
<testsuite hostname="DESKTOP-5Q6M2D1" failures="0" tests="1" name="test14thjunedummy2.Demo3" time="0.002" errors="0" timestamp="2023-06-15T11:02:06 IST" skipped="0">
  <testcase classname="test14thjunedummy2.Demo3" name="test3" time="0.002">
    <system-out>
      <![CDATA[hello]]>
    </system-out>
  </testcase> <!-- test3 -->
  <system-out>
    <![CDATA[hi
hello
hi hi
hi hello]]>
  </system-out>
</testsuite> <!-- test14thjunedummy2.Demo3 -->
