<?xml version="1.0" encoding="UTF-8"?>
<!-- Generated by org.testng.reporters.JUnitReportReporter -->
<testsuite hostname="DESKTOP-5Q6M2D1" failures="0" tests="1" name="fb21stjune.Map" time="9.476" errors="0" timestamp="2023-07-06T11:40:22 IST" skipped="0">
  <testcase classname="fb21stjune.Map" name="map" time="9.476"/>
</testsuite> <!-- fb21stjune.Map -->
