<?xml version="1.0" encoding="UTF-8"?>
<!-- Generated by org.testng.reporters.JUnitReportReporter -->
<testsuite hostname="DESKTOP-5Q6M2D1" failures="0" tests="1" name="testscripr20thjune.Facebook" time="7.361" errors="0" timestamp="2023-06-20T10:33:04 IST" skipped="0">
  <testcase classname="testscripr20thjune.Facebook" name="Login" time="7.361"/>
</testsuite> <!-- testscripr20thjune.Facebook -->
