<?xml version="1.0" encoding="UTF-8"?>
<!-- Generated by org.testng.reporters.JUnitReportReporter -->
<testsuite hostname="DESKTOP-5Q6M2D1" failures="0" tests="2" name="test14thjune.Facebook" time="71.030" errors="0" timestamp="2023-06-15T10:53:20 IST" skipped="0">
  <testcase classname="test14thjune.Facebook" name="login1" time="6.437"/>
  <testcase classname="test14thjune.Facebook" name="login" time="64.593"/>
</testsuite> <!-- test14thjune.Facebook -->
