<?xml version="1.0" encoding="UTF-8"?>
<!-- Generated by org.testng.reporters.JUnitReportReporter -->
<testsuite hostname="DESKTOP-5Q6M2D1" failures="0" tests="1" name="testscripr20thjune.Loginfacebook" time="8.299" errors="0" timestamp="2023-06-20T10:39:52 IST" skipped="0">
  <testcase classname="testscripr20thjune.Loginfacebook" name="Login" time="8.299"/>
</testsuite> <!-- testscripr20thjune.Loginfacebook -->
