<?xml version="1.0" encoding="UTF-8"?>
<!-- Generated by org.testng.reporters.JUnitReportReporter -->
<testsuite hostname="DESKTOP-5Q6M2D1" failures="0" tests="1" name="assert15thjune.Assert1" time="9.480" errors="0" timestamp="2023-06-15T13:40:21 IST" skipped="0">
  <testcase classname="assert15thjune.Assert1" name="login" time="9.480"/>
</testsuite> <!-- assert15thjune.Assert1 -->
