<?xml version="1.0" encoding="UTF-8"?>
<!-- Generated by org.testng.reporters.JUnitReportReporter -->
<testsuite hostname="DESKTOP-5Q6M2D1" failures="0" tests="2" name="dataprovider30thjune.DataProvider_Runner" time="5.258" errors="0" timestamp="2023-06-30T10:14:39 IST" skipped="0">
  <testcase classname="dataprovider30thjune.DataProvider_Runner" name="Login" time="1.838"/>
  <testcase classname="dataprovider30thjune.DataProvider_Runner" name="Login" time="3.420"/>
</testsuite> <!-- dataprovider30thjune.DataProvider_Runner -->
