<?xml version="1.0" encoding="UTF-8"?>
<!-- Generated by org.testng.reporters.JUnitReportReporter -->
<testsuite hostname="DESKTOP-5Q6M2D1" failures="0" tests="1" name="testframework.Demo" time="0.010" errors="0" timestamp="2023-06-12T10:46:29 IST" skipped="0">
  <testcase classname="testframework.Demo" name="test" time="0.010">
    <system-out>
      <![CDATA[hello world]]>
    </system-out>
  </testcase> <!-- test -->
  <system-out>
    <![CDATA[hello world]]>
  </system-out>
</testsuite> <!-- testframework.Demo -->
