<?xml version="1.0" encoding="UTF-8"?>
<!-- Generated by org.testng.reporters.JUnitReportReporter -->
<testsuite hostname="DESKTOP-5Q6M2D1" failures="0" tests="1" name="test14thjunedummy.Demo" time="0.009" errors="0" timestamp="2023-06-15T11:02:06 IST" skipped="0">
  <testcase classname="test14thjunedummy.Demo" name="test1" time="0.009">
    <system-out>
      <![CDATA[hi]]>
    </system-out>
  </testcase> <!-- test1 -->
  <system-out>
    <![CDATA[hi
hello
hi hi
hi hello]]>
  </system-out>
</testsuite> <!-- test14thjunedummy.Demo -->
