<?xml version="1.0" encoding="UTF-8"?>
<!-- Generated by org.testng.reporters.JUnitReportReporter -->
<testsuite hostname="DESKTOP-5Q6M2D1" failures="0" tests="1" name="test14thjunedummy2.Demo4" time="0.001" errors="0" timestamp="2023-06-15T11:02:06 IST" skipped="0">
  <testcase classname="test14thjunedummy2.Demo4" name="test4" time="0.001">
    <system-out>
      <![CDATA[hi hello]]>
    </system-out>
  </testcase> <!-- test4 -->
  <system-out>
    <![CDATA[hi
hello
hi hi
hi hello]]>
  </system-out>
</testsuite> <!-- test14thjunedummy2.Demo4 -->
