<?xml version="1.0" encoding="UTF-8"?>
<!-- Generated by org.testng.reporters.JUnitReportReporter -->
<testsuite hostname="DESKTOP-5Q6M2D1" failures="0" tests="1" name="testframework.Insta1" time="3.311" errors="0" timestamp="2023-06-13T12:07:37 IST" skipped="0">
  <testcase classname="testframework.Insta1" name="ss" time="3.311"/>
</testsuite> <!-- testframework.Insta1 -->
