<?xml version="1.0" encoding="UTF-8"?>
<!-- Generated by org.testng.reporters.JUnitReportReporter -->
<testsuite hostname="DESKTOP-5Q6M2D1" failures="0" tests="1" name="test14thjune.Fb1" time="64.733" errors="0" timestamp="2023-06-15T10:50:25 IST" skipped="0">
  <testcase classname="test14thjune.Fb1" name="login" time="64.733"/>
</testsuite> <!-- test14thjune.Fb1 -->
